At 09:15:55:929 : Peer 1001 has the preferred neighbors null, null.
At 09:16:41:531 : Peer 1001 has the preferred neighbors null, null.
At 09:16:46:480 : Peer 1001 has the preferred neighbors null, null.
At 09:16:51:479 : Peer 1001 has the preferred neighbors null, null.
At 09:16:53:041 : Peer 1001 is connected from Peer 1002.
At 09:16:53:139 : Peer 1001 received the ‘interested’ message from 1002.
At 09:16:56:484 : Peer 1001 has the preferred neighbors 1002, 1002.
At 09:16:56:488 : Peer 1001 has the optimistically unchoked neighbor 1002.
At 09:16:56:519 : Peer 1001 received the ‘have’ message from 1002 for the piece 1.
At 09:16:56:536 : Peer 1001 received the ‘have’ message from 1002 for the piece 2.
At 09:16:56:551 : Peer 1001 received the ‘have’ message from 1002 for the piece 0.
At 09:16:56:552 : Peer 1001 received the ‘not interested’ message from 1002.
At 09:16:57:079 : Peer 1001 is connected from Peer 1003.
At 09:16:57:089 : Peer 1001 received the ‘interested’ message from 1003.
At 09:16:58:035 : Peer 1001 received the ‘have’ message from 1003 for the piece 1.
At 09:16:58:052 : Peer 1001 received the ‘have’ message from 1003 for the piece 0.
At 09:16:58:081 : Peer 1001 received the ‘have’ message from 1003 for the piece 2.
At 09:16:58:082 : Peer 1001 received the ‘not interested’ message from 1003.
At 09:17:01:479 : Peer 1001 has the preferred neighbors 1002, 1002.
At 09:17:02:361 : Peer 1001 is connected from Peer 1004.
At 09:17:02:373 : Peer 1001 received the ‘interested’ message from 1004.
At 09:17:03:103 : Peer 1001 received the ‘have’ message from 1004 for the piece 0.
At 09:17:03:133 : Peer 1001 received the ‘have’ message from 1004 for the piece 1.
At 09:17:03:169 : Peer 1001 received the ‘have’ message from 1004 for the piece 2.
At 09:17:03:174 : Peer 1001 received the ‘not interested’ message from 1004.
At 09:17:06:477 : Peer 1001 has the preferred neighbors 1002, 1002.
At 09:17:11:478 : Peer 1001 has the preferred neighbors 1002, 1002.
At 09:17:16:481 : Peer 1001 has the preferred neighbors 1002, 1002.
At 09:17:21:480 : Peer 1001 has the preferred neighbors 1002, 1002.
At 09:17:26:479 : Peer 1001 has the preferred neighbors 1002, 1002.
At 09:17:31:480 : Peer 1001 has the preferred neighbors 1002, 1002.
At 09:17:36:481 : Peer 1001 has the preferred neighbors 1002, 1002.
At 09:17:41:481 : Peer 1001 has the preferred neighbors 1002, 1002.
At 09:17:46:484 : Peer 1001 has the preferred neighbors 1002, 1002.
At 09:17:51:484 : Peer 1001 has the preferred neighbors 1002, 1002.
At 09:17:56:484 : Peer 1001 has the preferred neighbors 1002, 1002.
At 09:18:01:483 : Peer 1001 has the preferred neighbors 1002, 1002.
At 09:18:06:483 : Peer 1001 has the preferred neighbors 1002, 1002.
At 09:18:11:485 : Peer 1001 has the preferred neighbors 1002, 1002.
At 09:18:16:486 : Peer 1001 has the preferred neighbors 1002, 1002.
At 09:18:21:487 : Peer 1001 has the preferred neighbors 1002, 1002.
At 09:18:26:487 : Peer 1001 has the preferred neighbors 1002, 1002.
At 09:18:31:488 : Peer 1001 has the preferred neighbors 1002, 1002.
At 09:18:36:490 : Peer 1001 has the preferred neighbors 1002, 1002.
At 09:18:41:489 : Peer 1001 has the preferred neighbors 1002, 1002.
At 09:18:46:490 : Peer 1001 has the preferred neighbors 1002, 1002.
At 09:18:51:491 : Peer 1001 has the preferred neighbors 1002, 1002.
At 09:18:56:492 : Peer 1001 has the preferred neighbors 1002, 1002.
At 09:19:01:493 : Peer 1001 has the preferred neighbors 1002, 1002.
At 09:19:06:493 : Peer 1001 has the preferred neighbors 1002, 1002.
At 09:19:11:490 : Peer 1001 has the preferred neighbors 1002, 1002.
At 09:19:16:493 : Peer 1001 has the preferred neighbors 1002, 1002.
At 09:19:21:500 : Peer 1001 has the preferred neighbors 1002, 1002.
At 09:19:26:492 : Peer 1001 has the preferred neighbors 1002, 1002.
At 09:19:31:495 : Peer 1001 has the preferred neighbors 1002, 1002.
At 09:19:36:495 : Peer 1001 has the preferred neighbors 1002, 1002.
At 09:19:41:496 : Peer 1001 has the preferred neighbors 1002, 1002.
At 09:19:46:496 : Peer 1001 has the preferred neighbors 1002, 1002.
At 09:19:51:497 : Peer 1001 has the preferred neighbors 1002, 1002.
At 09:19:56:497 : Peer 1001 has the preferred neighbors 1002, 1002.
At 09:20:01:499 : Peer 1001 has the preferred neighbors 1002, 1002.
At 09:20:06:499 : Peer 1001 has the preferred neighbors 1002, 1002.
At 09:20:11:499 : Peer 1001 has the preferred neighbors 1002, 1002.
At 09:20:16:501 : Peer 1001 has the preferred neighbors 1002, 1002.
At 09:20:21:501 : Peer 1001 has the preferred neighbors 1002, 1002.
At 09:20:26:502 : Peer 1001 has the preferred neighbors 1002, 1002.
At 09:20:31:502 : Peer 1001 has the preferred neighbors 1002, 1002.
At 09:20:36:502 : Peer 1001 has the preferred neighbors 1002, 1002.
At 09:20:41:503 : Peer 1001 has the preferred neighbors 1002, 1002.
At 09:20:46:504 : Peer 1001 has the preferred neighbors 1002, 1002.
At 09:20:51:505 : Peer 1001 has the preferred neighbors 1002, 1002.
At 09:20:56:504 : Peer 1001 has the preferred neighbors 1002, 1002.
At 09:21:01:505 : Peer 1001 has the preferred neighbors 1002, 1002.
At 09:21:06:504 : Peer 1001 has the preferred neighbors 1002, 1002.
At 09:21:11:506 : Peer 1001 has the preferred neighbors 1002, 1002.
At 09:21:16:505 : Peer 1001 has the preferred neighbors 1002, 1002.
At 09:21:21:506 : Peer 1001 has the preferred neighbors 1002, 1002.
At 09:21:26:507 : Peer 1001 has the preferred neighbors 1002, 1002.
At 09:21:31:505 : Peer 1001 has the preferred neighbors 1002, 1002.
At 09:21:36:507 : Peer 1001 has the preferred neighbors 1002, 1002.
At 09:21:41:508 : Peer 1001 has the preferred neighbors 1002, 1002.
At 09:21:46:508 : Peer 1001 has the preferred neighbors 1002, 1002.
At 09:21:51:509 : Peer 1001 has the preferred neighbors 1002, 1002.
At 09:21:56:508 : Peer 1001 has the preferred neighbors 1002, 1002.
At 09:22:01:510 : Peer 1001 has the preferred neighbors 1002, 1002.
At 09:22:06:510 : Peer 1001 has the preferred neighbors 1002, 1002.
At 09:22:11:509 : Peer 1001 has the preferred neighbors 1002, 1002.
At 09:22:16:512 : Peer 1001 has the preferred neighbors 1002, 1002.
At 09:22:21:512 : Peer 1001 has the preferred neighbors 1002, 1002.
At 09:22:26:512 : Peer 1001 has the preferred neighbors 1002, 1002.
At 09:22:31:514 : Peer 1001 has the preferred neighbors 1002, 1002.
At 09:22:36:511 : Peer 1001 has the preferred neighbors 1002, 1002.
At 09:22:41:513 : Peer 1001 has the preferred neighbors 1002, 1002.
At 09:22:46:513 : Peer 1001 has the preferred neighbors 1002, 1002.
At 09:22:51:514 : Peer 1001 has the preferred neighbors 1002, 1002.
At 09:22:56:514 : Peer 1001 has the preferred neighbors 1002, 1002.
At 09:23:01:513 : Peer 1001 has the preferred neighbors 1002, 1002.
At 09:23:06:515 : Peer 1001 has the preferred neighbors 1002, 1002.
At 09:23:11:515 : Peer 1001 has the preferred neighbors 1002, 1002.
At 09:23:16:515 : Peer 1001 has the preferred neighbors 1002, 1002.
At 09:23:21:516 : Peer 1001 has the preferred neighbors 1002, 1002.
At 09:23:26:517 : Peer 1001 has the preferred neighbors 1002, 1002.
At 09:23:31:517 : Peer 1001 has the preferred neighbors 1002, 1002.
At 09:23:36:518 : Peer 1001 has the preferred neighbors 1002, 1002.
At 09:23:41:518 : Peer 1001 has the preferred neighbors 1002, 1002.
At 09:23:46:520 : Peer 1001 has the preferred neighbors 1002, 1002.
At 09:23:51:519 : Peer 1001 has the preferred neighbors 1002, 1002.
At 09:23:56:518 : Peer 1001 has the preferred neighbors 1002, 1002.
At 09:24:01:521 : Peer 1001 has the preferred neighbors 1002, 1002.
At 09:24:06:521 : Peer 1001 has the preferred neighbors 1002, 1002.
At 09:24:11:523 : Peer 1001 has the preferred neighbors 1002, 1002.
At 09:24:16:523 : Peer 1001 has the preferred neighbors 1002, 1002.
At 09:24:21:524 : Peer 1001 has the preferred neighbors 1002, 1002.
At 09:24:26:525 : Peer 1001 has the preferred neighbors 1002, 1002.
At 09:24:31:526 : Peer 1001 has the preferred neighbors 1002, 1002.
At 09:24:36:526 : Peer 1001 has the preferred neighbors 1002, 1002.
At 09:24:41:527 : Peer 1001 has the preferred neighbors 1002, 1002.
At 09:24:46:527 : Peer 1001 has the preferred neighbors 1002, 1002.
At 09:24:51:527 : Peer 1001 has the preferred neighbors 1002, 1002.
At 09:24:56:528 : Peer 1001 has the preferred neighbors 1002, 1002.
At 09:25:01:527 : Peer 1001 has the preferred neighbors 1002, 1002.
At 09:25:06:528 : Peer 1001 has the preferred neighbors 1002, 1002.
At 09:25:11:528 : Peer 1001 has the preferred neighbors 1002, 1002.
At 09:25:16:530 : Peer 1001 has the preferred neighbors 1002, 1002.
At 09:25:21:530 : Peer 1001 has the preferred neighbors 1002, 1002.
At 09:25:26:529 : Peer 1001 has the preferred neighbors 1002, 1002.
At 09:25:28:093 : Peer 1001 received the ‘not interested’ message from 1004.
At 09:25:31:530 : Peer 1001 has the preferred neighbors 1002, 1002.
At 09:25:32:760 : Peer 1001 received the ‘not interested’ message from 1003.
At 09:25:36:532 : Peer 1001 has the preferred neighbors 1002, 1002.
At 09:25:37:902 : Peer 1001 received the ‘not interested’ message from 1002.
At 09:25:41:530 : Peer 1001 has the preferred neighbors 1002, 1002.
